03-Apr-2024 17:30:28.224 信息 [main] org.apache.catalina.startup.VersionLoggerListener.log Server.服务器版本: Apache Tomcat/10.1.20
03-Apr-2024 17:30:28.245 信息 [main] org.apache.catalina.startup.VersionLoggerListener.log 服务器构建:        Mar 19 2024 12:49:58 UTC
03-Apr-2024 17:30:28.245 信息 [main] org.apache.catalina.startup.VersionLoggerListener.log 服务器版本号:      10.1.20.0
03-Apr-2024 17:30:28.246 信息 [main] org.apache.catalina.startup.VersionLoggerListener.log 操作系统名称:      Linux
03-Apr-2024 17:30:28.247 信息 [main] org.apache.catalina.startup.VersionLoggerListener.log OS.版本:           6.1.21-v8+
03-Apr-2024 17:30:28.248 信息 [main] org.apache.catalina.startup.VersionLoggerListener.log 架构:              aarch64
03-Apr-2024 17:30:28.248 信息 [main] org.apache.catalina.startup.VersionLoggerListener.log Java 环境变量:     /usr/lib/jvm/java-17-openjdk-arm64
03-Apr-2024 17:30:28.249 信息 [main] org.apache.catalina.startup.VersionLoggerListener.log Java虚拟机版本:    17.0.10+7-Debian-1deb11u1
03-Apr-2024 17:30:28.250 信息 [main] org.apache.catalina.startup.VersionLoggerListener.log JVM.供应商:        Debian
03-Apr-2024 17:30:28.251 信息 [main] org.apache.catalina.startup.VersionLoggerListener.log CATALINA_BASE:     /home/fireworkie/car/apache-tomcat-10.1.20
03-Apr-2024 17:30:28.252 信息 [main] org.apache.catalina.startup.VersionLoggerListener.log CATALINA_HOME:     /home/fireworkie/car/apache-tomcat-10.1.20
03-Apr-2024 17:30:28.306 信息 [main] org.apache.catalina.startup.VersionLoggerListener.log 命令行参数：       -Djava.util.logging.config.file=/home/fireworkie/car/apache-tomcat-10.1.20/conf/logging.properties
03-Apr-2024 17:30:28.307 信息 [main] org.apache.catalina.startup.VersionLoggerListener.log 命令行参数：       -Djava.util.logging.manager=org.apache.juli.ClassLoaderLogManager
03-Apr-2024 17:30:28.313 信息 [main] org.apache.catalina.startup.VersionLoggerListener.log 命令行参数：       -Djdk.tls.ephemeralDHKeySize=2048
03-Apr-2024 17:30:28.314 信息 [main] org.apache.catalina.startup.VersionLoggerListener.log 命令行参数：       -Djava.protocol.handler.pkgs=org.apache.catalina.webresources
03-Apr-2024 17:30:28.315 信息 [main] org.apache.catalina.startup.VersionLoggerListener.log 命令行参数：       -Dorg.apache.catalina.security.SecurityListener.UMASK=0027
03-Apr-2024 17:30:28.315 信息 [main] org.apache.catalina.startup.VersionLoggerListener.log 命令行参数：       --add-opens=java.base/java.lang=ALL-UNNAMED
03-Apr-2024 17:30:28.316 信息 [main] org.apache.catalina.startup.VersionLoggerListener.log 命令行参数：       --add-opens=java.base/java.io=ALL-UNNAMED
03-Apr-2024 17:30:28.317 信息 [main] org.apache.catalina.startup.VersionLoggerListener.log 命令行参数：       --add-opens=java.base/java.util=ALL-UNNAMED
03-Apr-2024 17:30:28.318 信息 [main] org.apache.catalina.startup.VersionLoggerListener.log 命令行参数：       --add-opens=java.base/java.util.concurrent=ALL-UNNAMED
03-Apr-2024 17:30:28.319 信息 [main] org.apache.catalina.startup.VersionLoggerListener.log 命令行参数：       --add-opens=java.rmi/sun.rmi.transport=ALL-UNNAMED
03-Apr-2024 17:30:28.320 信息 [main] org.apache.catalina.startup.VersionLoggerListener.log 命令行参数：       -Dcatalina.base=/home/fireworkie/car/apache-tomcat-10.1.20
03-Apr-2024 17:30:28.321 信息 [main] org.apache.catalina.startup.VersionLoggerListener.log 命令行参数：       -Dcatalina.home=/home/fireworkie/car/apache-tomcat-10.1.20
03-Apr-2024 17:30:28.321 信息 [main] org.apache.catalina.startup.VersionLoggerListener.log 命令行参数：       -Djava.io.tmpdir=/home/fireworkie/car/apache-tomcat-10.1.20/temp
03-Apr-2024 17:30:28.328 信息 [main] org.apache.catalina.core.AprLifecycleListener.lifecycleEvent 在java.library.path:[/usr/java/packages/lib:/usr/lib/aarch64-linux-gnu/jni:/lib/aarch64-linux-gnu:/usr/lib/aarch64-linux-gnu:/usr/lib/jni:/lib:/usr/lib]上找不到基于APR的Apache Tomcat本机库，该库允许在生产环境中获得最佳性能
03-Apr-2024 17:30:29.740 信息 [main] org.apache.coyote.AbstractProtocol.init 初始化协议处理器 ["http-nio-8080"]
03-Apr-2024 17:30:29.858 信息 [main] org.apache.catalina.startup.Catalina.load 服务器在[2513]毫秒内初始化
03-Apr-2024 17:30:30.054 信息 [main] org.apache.catalina.core.StandardService.startInternal 正在启动服务[Catalina]
03-Apr-2024 17:30:30.055 信息 [main] org.apache.catalina.core.StandardEngine.startInternal 正在启动 Servlet 引擎：[Apache Tomcat/10.1.20]
03-Apr-2024 17:30:30.126 信息 [main] org.apache.catalina.startup.HostConfig.deployWAR 正在部署web应用程序存档文件[/home/fireworkie/car/apache-tomcat-10.1.20/webapps/FwkCar.war]
03-Apr-2024 17:30:34.130 信息 [main] org.apache.jasper.servlet.TldScanner.scanJars 至少有一个JAR被扫描用于TLD但尚未包含TLD。 为此记录器启用调试日志记录，以获取已扫描但未在其中找到TLD的完整JAR列表。 在扫描期间跳过不需要的JAR可以缩短启动时间和JSP编译时间。
03-Apr-2024 17:30:37.772 信息 [main] org.apache.catalina.startup.HostConfig.deployWAR web应用程序存档文件[/home/fireworkie/car/apache-tomcat-10.1.20/webapps/FwkCar.war]的部署已在[7,644]ms内完成
03-Apr-2024 17:30:37.775 信息 [main] org.apache.catalina.startup.HostConfig.deployDirectory 把web 应用程序部署到目录 [/home/fireworkie/car/apache-tomcat-10.1.20/webapps/docs]
03-Apr-2024 17:30:37.882 信息 [main] org.apache.catalina.startup.HostConfig.deployDirectory Web应用程序目录[/home/fireworkie/car/apache-tomcat-10.1.20/webapps/docs]的部署已在[105]毫秒内完成
03-Apr-2024 17:30:37.883 信息 [main] org.apache.catalina.startup.HostConfig.deployDirectory 把web 应用程序部署到目录 [/home/fireworkie/car/apache-tomcat-10.1.20/webapps/host-manager]
03-Apr-2024 17:30:38.049 信息 [main] org.apache.catalina.startup.HostConfig.deployDirectory Web应用程序目录[/home/fireworkie/car/apache-tomcat-10.1.20/webapps/host-manager]的部署已在[166]毫秒内完成
03-Apr-2024 17:30:38.050 信息 [main] org.apache.catalina.startup.HostConfig.deployDirectory 把web 应用程序部署到目录 [/home/fireworkie/car/apache-tomcat-10.1.20/webapps/manager]
03-Apr-2024 17:30:38.185 信息 [main] org.apache.catalina.startup.HostConfig.deployDirectory Web应用程序目录[/home/fireworkie/car/apache-tomcat-10.1.20/webapps/manager]的部署已在[133]毫秒内完成
03-Apr-2024 17:30:38.186 信息 [main] org.apache.catalina.startup.HostConfig.deployDirectory 把web 应用程序部署到目录 [/home/fireworkie/car/apache-tomcat-10.1.20/webapps/ROOT]
03-Apr-2024 17:30:38.300 信息 [main] org.apache.catalina.startup.HostConfig.deployDirectory Web应用程序目录[/home/fireworkie/car/apache-tomcat-10.1.20/webapps/ROOT]的部署已在[113]毫秒内完成
03-Apr-2024 17:30:38.301 信息 [main] org.apache.catalina.startup.HostConfig.deployDirectory 把web 应用程序部署到目录 [/home/fireworkie/car/apache-tomcat-10.1.20/webapps/examples]
03-Apr-2024 17:30:39.095 信息 [main] org.apache.catalina.startup.HostConfig.deployDirectory Web应用程序目录[/home/fireworkie/car/apache-tomcat-10.1.20/webapps/examples]的部署已在[793]毫秒内完成
03-Apr-2024 17:30:39.120 信息 [main] org.apache.coyote.AbstractProtocol.start 开始协议处理句柄["http-nio-8080"]
03-Apr-2024 17:30:39.168 信息 [main] org.apache.catalina.startup.Catalina.start [9308]毫秒后服务器启动
